<?xml version="1.0" encoding="UTF-8"?>
<testsuite name="ru.hse.spb.execution.CatTest" tests="3" skipped="0" failures="0" errors="0" timestamp="2019-02-10T14:43:54" hostname="mikhail-ThinkPad-E460" time="0.003">
  <properties/>
  <testcase name="catNoArgument" classname="ru.hse.spb.execution.CatTest" time="0.0"/>
  <testcase name="catTwoArguments" classname="ru.hse.spb.execution.CatTest" time="0.002"/>
  <testcase name="catOneArgument" classname="ru.hse.spb.execution.CatTest" time="0.001"/>
  <system-out><![CDATA[]]></system-out>
  <system-err><![CDATA[]]></system-err>
</testsuite>
