<?xml version="1.0" encoding="UTF-8"?>
<testsuite name="ru.hse.spb.execution.EchoTest" tests="4" skipped="0" failures="0" errors="0" timestamp="2019-02-10T14:43:54" hostname="mikhail-ThinkPad-E460" time="0.001">
  <properties/>
  <testcase name="echoTwoArguments" classname="ru.hse.spb.execution.EchoTest" time="0.0"/>
  <testcase name="echoOneArgument" classname="ru.hse.spb.execution.EchoTest" time="0.0"/>
  <testcase name="echoIgnoresPipeline" classname="ru.hse.spb.execution.EchoTest" time="0.001"/>
  <testcase name="echoNoArgument" classname="ru.hse.spb.execution.EchoTest" time="0.0"/>
  <system-out><![CDATA[]]></system-out>
  <system-err><![CDATA[]]></system-err>
</testsuite>
