<?xml version="1.0" encoding="UTF-8"?>
<testsuite name="ru.hse.spb.execution.WcTest" tests="4" skipped="0" failures="0" errors="0" timestamp="2019-02-10T14:43:54" hostname="mikhail-ThinkPad-E460" time="0.007">
  <properties/>
  <testcase name="wcNoArgument" classname="ru.hse.spb.execution.WcTest" time="0.001"/>
  <testcase name="wcPipeline" classname="ru.hse.spb.execution.WcTest" time="0.001"/>
  <testcase name="wcTwoArguments" classname="ru.hse.spb.execution.WcTest" time="0.002"/>
  <testcase name="wcOneArgument" classname="ru.hse.spb.execution.WcTest" time="0.001"/>
  <system-out><![CDATA[]]></system-out>
  <system-err><![CDATA[]]></system-err>
</testsuite>
