<?xml version="1.0" encoding="UTF-8"?>
<testsuite name="ru.hse.spb.environment.GlobalEnvironmentTest" tests="4" skipped="0" failures="0" errors="0" timestamp="2019-02-10T14:43:54" hostname="mikhail-ThinkPad-E460" time="0.001">
  <properties/>
  <testcase name="returnsValueThatWasSetTwice" classname="ru.hse.spb.environment.GlobalEnvironmentTest" time="0.001"/>
  <testcase name="returnsNull" classname="ru.hse.spb.environment.GlobalEnvironmentTest" time="0.0"/>
  <testcase name="returnsValueThatWasSet" classname="ru.hse.spb.environment.GlobalEnvironmentTest" time="0.0"/>
  <testcase name="combinedTest" classname="ru.hse.spb.environment.GlobalEnvironmentTest" time="0.0"/>
  <system-out><![CDATA[]]></system-out>
  <system-err><![CDATA[]]></system-err>
</testsuite>
