<?xml version="1.0" encoding="UTF-8"?>
<testsuite name="ru.hse.spb.execution.AssignmentTest" tests="4" skipped="0" failures="0" errors="0" timestamp="2019-02-10T14:43:54" hostname="mikhail-ThinkPad-E460" time="0.0">
  <properties/>
  <testcase name="assignVariableTwice" classname="ru.hse.spb.execution.AssignmentTest" time="0.0"/>
  <testcase name="assignOneValue" classname="ru.hse.spb.execution.AssignmentTest" time="0.0"/>
  <testcase name="assignViaPipelineDoesNotWork" classname="ru.hse.spb.execution.AssignmentTest" time="0.0"/>
  <testcase name="assignTwoVariables" classname="ru.hse.spb.execution.AssignmentTest" time="0.0"/>
  <system-out><![CDATA[]]></system-out>
  <system-err><![CDATA[]]></system-err>
</testsuite>
