<?xml version="1.0" encoding="UTF-8"?>
<testsuite name="ru.hse.spb.lexer.InterpolationLexerTest" tests="18" skipped="0" failures="0" errors="0" timestamp="2019-02-10T14:43:54" hostname="mikhail-ThinkPad-E460" time="0.011">
  <properties/>
  <testcase name="correctInterpolationWithTwoVariables" classname="ru.hse.spb.lexer.InterpolationLexerTest" time="0.001"/>
  <testcase name="singleQuotesInterpolation" classname="ru.hse.spb.lexer.InterpolationLexerTest" time="0.0"/>
  <testcase name="incorrectQuotingThrowsExceptionOneTypeQuoting" classname="ru.hse.spb.lexer.InterpolationLexerTest" time="0.0"/>
  <testcase name="pipeInSingeQuotes" classname="ru.hse.spb.lexer.InterpolationLexerTest" time="0.0"/>
  <testcase name="cat" classname="ru.hse.spb.lexer.InterpolationLexerTest" time="0.0"/>
  <testcase name="incorrectQuotingThrowsExceptionDifferentQuoting" classname="ru.hse.spb.lexer.InterpolationLexerTest" time="0.001"/>
  <testcase name="exitSubstitution" classname="ru.hse.spb.lexer.InterpolationLexerTest" time="0.0"/>
  <testcase name="assignmentExit" classname="ru.hse.spb.lexer.InterpolationLexerTest" time="0.0"/>
  <testcase name="catPipeWc" classname="ru.hse.spb.lexer.InterpolationLexerTest" time="0.0"/>
  <testcase name="assignment" classname="ru.hse.spb.lexer.InterpolationLexerTest" time="0.001"/>
  <testcase name="pipelineWithoutSpace" classname="ru.hse.spb.lexer.InterpolationLexerTest" time="0.0"/>
  <testcase name="doubleQuotesInterpolation" classname="ru.hse.spb.lexer.InterpolationLexerTest" time="0.0"/>
  <testcase name="emptyCommandInPipeline" classname="ru.hse.spb.lexer.InterpolationLexerTest" time="0.0"/>
  <testcase name="echoPipeWc" classname="ru.hse.spb.lexer.InterpolationLexerTest" time="0.0"/>
  <testcase name="echoString" classname="ru.hse.spb.lexer.InterpolationLexerTest" time="0.001"/>
  <testcase name="emptyCommandInPipelineWithSpace" classname="ru.hse.spb.lexer.InterpolationLexerTest" time="0.0"/>
  <testcase name="doubleQuotesInAssignment" classname="ru.hse.spb.lexer.InterpolationLexerTest" time="0.0"/>
  <testcase name="singleQuotesInDoubleQuotes" classname="ru.hse.spb.lexer.InterpolationLexerTest" time="0.0"/>
  <system-out><![CDATA[]]></system-out>
  <system-err><![CDATA[]]></system-err>
</testsuite>
