<?xml version="1.0" encoding="UTF-8"?>
<testsuite name="ru.hse.spb.CliApplicationTest" tests="18" skipped="0" failures="0" errors="0" timestamp="2019-02-10T14:43:54" hostname="mikhail-ThinkPad-E460" time="0.166">
  <properties/>
  <testcase name="pipelineWithoutSpaces" classname="ru.hse.spb.CliApplicationTest" time="0.051"/>
  <testcase name="incorrectPipelineThrowsException" classname="ru.hse.spb.CliApplicationTest" time="0.001"/>
  <testcase name="grepPluginGradleIgnoreCase" classname="ru.hse.spb.CliApplicationTest" time="0.069"/>
  <testcase name="testDoubleQuotesInCat" classname="ru.hse.spb.CliApplicationTest" time="0.004"/>
  <testcase name="correctInterpolationWithTwoVariables" classname="ru.hse.spb.CliApplicationTest" time="0.001"/>
  <testcase name="grepPluginGradleWordRegexp" classname="ru.hse.spb.CliApplicationTest" time="0.001"/>
  <testcase name="grepPluginGradleA2" classname="ru.hse.spb.CliApplicationTest" time="0.003"/>
  <testcase name="grepPluginGradleFile" classname="ru.hse.spb.CliApplicationTest" time="0.001"/>
  <testcase name="process" classname="ru.hse.spb.CliApplicationTest" time="0.003"/>
  <testcase name="pipeInSingeQuotes" classname="ru.hse.spb.CliApplicationTest" time="0.0"/>
  <testcase name="grepPluginGradlePipeline" classname="ru.hse.spb.CliApplicationTest" time="0.004"/>
  <testcase name="quotingMustBeClosed" classname="ru.hse.spb.CliApplicationTest" time="0.001"/>
  <testcase name="grepPluginGradleI" classname="ru.hse.spb.CliApplicationTest" time="0.002"/>
  <testcase name="grepPluginGradleW" classname="ru.hse.spb.CliApplicationTest" time="0.002"/>
  <testcase name="grepPluginGradleAfterContext2" classname="ru.hse.spb.CliApplicationTest" time="0.005"/>
  <testcase name="pipelineAndInterpolation" classname="ru.hse.spb.CliApplicationTest" time="0.001"/>
  <testcase name="doubleQuotesInAssignment" classname="ru.hse.spb.CliApplicationTest" time="0.01"/>
  <testcase name="singleQuotesInDoubleQuotes" classname="ru.hse.spb.CliApplicationTest" time="0.0"/>
  <system-out><![CDATA[]]></system-out>
  <system-err><![CDATA[]]></system-err>
</testsuite>
